  main.cpp
D:\openCVProject\openCVProject\main.cpp(189,31): warning C4267: '=': conversion from 'size_t' to 'int', possible loss of data
D:\openCVProject\openCVProject\main.cpp(234,29): warning C4267: 'initializing': conversion from 'size_t' to 'int', possible loss of data
D:\openCVProject\openCVProject\main.cpp(254,23): warning C4244: 'initializing': conversion from 'double' to 'int', possible loss of data
D:\openCVProject\openCVProject\main.cpp(401,36): warning C4244: '=': conversion from 'double' to 'int', possible loss of data
D:\openCVProject\openCVProject\main.cpp(402,32): warning C4244: '=': conversion from 'double' to 'int', possible loss of data
D:\openCVProject\openCVProject\main.cpp(422,58): warning C4267: '=': conversion from 'size_t' to 'int', possible loss of data
D:\openCVProject\openCVProject\main.cpp(426,36): warning C4244: '=': conversion from 'double' to 'int', possible loss of data
D:\openCVProject\openCVProject\main.cpp(427,32): warning C4244: '=': conversion from 'double' to 'int', possible loss of data
D:\openCVProject\openCVProject\main.cpp(437,29): warning C4267: 'initializing': conversion from 'size_t' to 'int', possible loss of data
D:\openCVProject\openCVProject\main.cpp(448,12): warning C4244: 'initializing': conversion from 'double' to 'int', possible loss of data
D:\openCVProject\openCVProject\main.cpp(449,12): warning C4244: 'initializing': conversion from 'double' to 'int', possible loss of data
D:\openCVProject\openCVProject\main.cpp(521,24): warning C4244: '=': conversion from 'double' to 'int', possible loss of data
D:\openCVProject\openCVProject\main.cpp(526,24): warning C4244: '=': conversion from 'double' to 'int', possible loss of data
D:\openCVProject\openCVProject\main.cpp(542,30): warning C4267: 'initializing': conversion from 'size_t' to 'int', possible loss of data
D:\openCVProject\openCVProject\main.cpp(687,31): warning C4267: 'initializing': conversion from 'size_t' to 'int', possible loss of data
D:\openCVProject\openCVProject\main.cpp(741,40): warning C4244: 'initializing': conversion from 'double' to 'int', possible loss of data
D:\openCVProject\openCVProject\main.cpp(742,40): warning C4244: 'initializing': conversion from 'double' to 'int', possible loss of data
D:\openCVProject\openCVProject\main.cpp(815,36): warning C4244: 'initializing': conversion from 'double' to 'int', possible loss of data
D:\openCVProject\openCVProject\main.cpp(816,36): warning C4244: 'initializing': conversion from 'double' to 'int', possible loss of data
D:\openCVProject\openCVProject\main.cpp(824,41): warning C4244: 'initializing': conversion from 'double' to 'int', possible loss of data
D:\openCVProject\openCVProject\main.cpp(827,43): warning C4244: 'initializing': conversion from 'double' to 'int', possible loss of data
D:\openCVProject\openCVProject\main.cpp(830,50): warning C4244: '=': conversion from 'double' to 'int', possible loss of data
D:\openCVProject\openCVProject\main.cpp(832,50): warning C4244: '=': conversion from 'double' to 'int', possible loss of data
D:\openCVProject\openCVProject\main.cpp(840,63): warning C4244: '=': conversion from 'double' to 'int', possible loss of data
D:\openCVProject\openCVProject\main.cpp(841,59): warning C4244: '=': conversion from 'double' to 'int', possible loss of data
D:\openCVProject\openCVProject\main.cpp(855,36): warning C4244: 'initializing': conversion from 'double' to 'int', possible loss of data
D:\openCVProject\openCVProject\main.cpp(856,36): warning C4244: 'initializing': conversion from 'double' to 'int', possible loss of data
D:\openCVProject\openCVProject\main.cpp(865,41): warning C4244: 'initializing': conversion from 'double' to 'int', possible loss of data
D:\openCVProject\openCVProject\main.cpp(868,43): warning C4244: 'initializing': conversion from 'double' to 'int', possible loss of data
D:\openCVProject\openCVProject\main.cpp(871,50): warning C4244: '=': conversion from 'double' to 'int', possible loss of data
D:\openCVProject\openCVProject\main.cpp(873,50): warning C4244: '=': conversion from 'double' to 'int', possible loss of data
D:\openCVProject\openCVProject\main.cpp(882,60): warning C4244: '=': conversion from 'double' to 'int', possible loss of data
D:\openCVProject\openCVProject\main.cpp(883,64): warning C4244: '=': conversion from 'double' to 'int', possible loss of data
D:\openCVProject\openCVProject\main.cpp(901,33): warning C4244: 'initializing': conversion from 'double' to 'int', possible loss of data
D:\openCVProject\openCVProject\main.cpp(902,33): warning C4244: 'initializing': conversion from 'double' to 'int', possible loss of data
D:\openCVProject\openCVProject\main.cpp(903,33): warning C4244: 'initializing': conversion from 'double' to 'int', possible loss of data
D:\openCVProject\openCVProject\main.cpp(928,36): warning C4244: 'initializing': conversion from 'double' to 'int', possible loss of data
D:\openCVProject\openCVProject\main.cpp(929,36): warning C4244: 'initializing': conversion from 'double' to 'int', possible loss of data
D:\openCVProject\openCVProject\main.cpp(930,39): warning C4244: 'initializing': conversion from 'double' to 'int', possible loss of data
D:\openCVProject\openCVProject\main.cpp(958,74): warning C4244: '=': conversion from 'double' to 'int', possible loss of data
D:\openCVProject\openCVProject\main.cpp(960,74): warning C4244: '=': conversion from 'double' to 'int', possible loss of data
D:\openCVProject\openCVProject\main.cpp(975,43): warning C4244: '=': conversion from 'double' to 'int', possible loss of data
D:\openCVProject\openCVProject\main.cpp(977,44): warning C4244: '=': conversion from 'double' to 'int', possible loss of data
D:\openCVProject\openCVProject\main.cpp(979,59): warning C4244: 'argument': conversion from 'double' to 'const unsigned __int64', possible loss of data
D:\openCVProject\openCVProject\main.cpp(1300,13): warning C4551: function call missing argument list
  openCVProject.vcxproj -> D:\openCVProject\x64\Debug\openCVProject.exe
